[GIN-VUE-ADMIN]2021/06/22 - 22:51:07.742	[34minfo[0m	redis connect ping response:	{"pong": "PONG"}
[GIN-VUE-ADMIN]2021/06/22 - 22:51:07.762	[34minfo[0m	use middleware logger
[GIN-VUE-ADMIN]2021/06/22 - 22:51:07.762	[34minfo[0m	use middleware cors
[GIN-VUE-ADMIN]2021/06/22 - 22:51:07.762	[34minfo[0m	register swagger handler
[GIN-VUE-ADMIN]2021/06/22 - 22:51:07.763	[34minfo[0m	Server is running on 	{"address": ":8888"}
[GIN-VUE-ADMIN]2021/06/22 - 22:51:49.641	[34minfo[0m	前往初始化数据库
[GIN-VUE-ADMIN]2021/06/22 - 22:53:47.310	[31merror[0m	数据库已初始化，非法访问
[GIN-VUE-ADMIN]2021/06/22 - 22:56:08.255	[34minfo[0m	redis connect ping response:	{"pong": "PONG"}
[GIN-VUE-ADMIN]2021/06/22 - 22:56:08.257	[34minfo[0m	use middleware logger
[GIN-VUE-ADMIN]2021/06/22 - 22:56:08.258	[34minfo[0m	use middleware cors
[GIN-VUE-ADMIN]2021/06/22 - 22:56:08.258	[34minfo[0m	register swagger handler
[GIN-VUE-ADMIN]2021/06/22 - 22:56:08.259	[34minfo[0m	Server is running on 	{"address": ":8888"}
[GIN-VUE-ADMIN]2021/06/22 - 22:57:34.290	[34minfo[0m	redis connect ping response:	{"pong": "PONG"}
[GIN-VUE-ADMIN]2021/06/22 - 22:57:34.292	[34minfo[0m	use middleware logger
[GIN-VUE-ADMIN]2021/06/22 - 22:57:34.292	[34minfo[0m	use middleware cors
[GIN-VUE-ADMIN]2021/06/22 - 22:57:34.292	[34minfo[0m	register swagger handler
[GIN-VUE-ADMIN]2021/06/22 - 22:57:34.293	[34minfo[0m	Server is running on 	{"address": ":8888"}
[GIN-VUE-ADMIN]2021/06/22 - 23:01:46.486	[34minfo[0m	redis connect ping response:	{"pong": "PONG"}
[GIN-VUE-ADMIN]2021/06/22 - 23:01:46.488	[34minfo[0m	use middleware logger
[GIN-VUE-ADMIN]2021/06/22 - 23:01:46.488	[34minfo[0m	use middleware cors
[GIN-VUE-ADMIN]2021/06/22 - 23:01:46.488	[34minfo[0m	register swagger handler
[GIN-VUE-ADMIN]2021/06/22 - 23:01:46.488	[34minfo[0m	router register success
[GIN-VUE-ADMIN]2021/06/22 - 23:01:46.489	[34minfo[0m	Server is running on 	{"address": ":8888"}
[GIN-VUE-ADMIN]2021/06/22 - 23:12:51.829	[34minfo[0m	redis connect ping response:	{"pong": "PONG"}
[GIN-VUE-ADMIN]2021/06/22 - 23:12:51.831	[34minfo[0m	use middleware logger
[GIN-VUE-ADMIN]2021/06/22 - 23:12:51.831	[34minfo[0m	use middleware cors
[GIN-VUE-ADMIN]2021/06/22 - 23:12:51.831	[34minfo[0m	register swagger handler
[GIN-VUE-ADMIN]2021/06/22 - 23:12:51.831	[34minfo[0m	router register success
[GIN-VUE-ADMIN]2021/06/22 - 23:12:51.832	[34minfo[0m	Server is running on 	{"address": ":8888"}
[GIN-VUE-ADMIN]2021/06/22 - 23:15:25.373	[31merror[0m	数据库已初始化，非法访问
[GIN-VUE-ADMIN]2021/06/22 - 23:23:00.313	[34minfo[0m	redis connect ping response:	{"pong": "PONG"}
[GIN-VUE-ADMIN]2021/06/22 - 23:23:00.327	[34minfo[0m	use middleware logger
[GIN-VUE-ADMIN]2021/06/22 - 23:23:00.327	[34minfo[0m	use middleware cors
[GIN-VUE-ADMIN]2021/06/22 - 23:23:00.327	[34minfo[0m	register swagger handler
[GIN-VUE-ADMIN]2021/06/22 - 23:23:00.327	[34minfo[0m	router register success
[GIN-VUE-ADMIN]2021/06/22 - 23:23:00.328	[34minfo[0m	Server is running on 	{"address": ":8888"}
[GIN-VUE-ADMIN]2021/06/22 - 23:26:49.142	[34minfo[0m	redis connect ping response:	{"pong": "PONG"}
[GIN-VUE-ADMIN]2021/06/22 - 23:26:49.143	[34minfo[0m	use middleware logger
[GIN-VUE-ADMIN]2021/06/22 - 23:26:49.143	[34minfo[0m	use middleware cors
[GIN-VUE-ADMIN]2021/06/22 - 23:26:49.143	[34minfo[0m	register swagger handler
[GIN-VUE-ADMIN]2021/06/22 - 23:26:49.144	[34minfo[0m	router register success
[GIN-VUE-ADMIN]2021/06/22 - 23:26:49.145	[34minfo[0m	Server is running on 	{"address": ":8888"}
[GIN-VUE-ADMIN]2021/06/22 - 23:35:57.241	[34minfo[0m	数据库无需初始化
[GIN-VUE-ADMIN]2021/06/22 - 23:38:04.186	[34minfo[0m	数据库无需初始化
[GIN-VUE-ADMIN]2021/06/22 - 23:43:06.100	[34minfo[0m	redis connect ping response:	{"pong": "PONG"}
[GIN-VUE-ADMIN]2021/06/22 - 23:43:06.118	[34minfo[0m	use middleware logger
[GIN-VUE-ADMIN]2021/06/22 - 23:43:06.118	[34minfo[0m	use middleware cors
[GIN-VUE-ADMIN]2021/06/22 - 23:43:06.118	[34minfo[0m	register swagger handler
[GIN-VUE-ADMIN]2021/06/22 - 23:43:06.118	[34minfo[0m	router register success
[GIN-VUE-ADMIN]2021/06/22 - 23:43:06.119	[34minfo[0m	Server is running on 	{"address": ":8888"}
[GIN-VUE-ADMIN]2021/06/22 - 23:47:42.302	[34minfo[0m	redis connect ping response:	{"pong": "PONG"}
[GIN-VUE-ADMIN]2021/06/22 - 23:47:42.305	[34minfo[0m	use middleware logger
[GIN-VUE-ADMIN]2021/06/22 - 23:47:42.305	[34minfo[0m	use middleware cors
[GIN-VUE-ADMIN]2021/06/22 - 23:47:42.305	[34minfo[0m	register swagger handler
[GIN-VUE-ADMIN]2021/06/22 - 23:47:42.305	[34minfo[0m	router register success
[GIN-VUE-ADMIN]2021/06/22 - 23:47:42.306	[34minfo[0m	Server is running on 	{"address": ":8888"}
[GIN-VUE-ADMIN]2021/06/22 - 23:49:51.070	[34minfo[0m	redis connect ping response:	{"pong": "PONG"}
[GIN-VUE-ADMIN]2021/06/22 - 23:49:51.072	[34minfo[0m	use middleware logger
[GIN-VUE-ADMIN]2021/06/22 - 23:49:51.072	[34minfo[0m	use middleware cors
[GIN-VUE-ADMIN]2021/06/22 - 23:49:51.072	[34minfo[0m	register swagger handler
[GIN-VUE-ADMIN]2021/06/22 - 23:49:51.072	[34minfo[0m	router register success
[GIN-VUE-ADMIN]2021/06/22 - 23:49:51.073	[34minfo[0m	Server is running on 	{"address": ":8888"}
[GIN-VUE-ADMIN]2021/06/22 - 23:51:53.940	[34minfo[0m	redis connect ping response:	{"pong": "PONG"}
[GIN-VUE-ADMIN]2021/06/22 - 23:51:53.942	[34minfo[0m	use middleware logger
[GIN-VUE-ADMIN]2021/06/22 - 23:51:53.942	[34minfo[0m	use middleware cors
[GIN-VUE-ADMIN]2021/06/22 - 23:51:53.942	[34minfo[0m	register swagger handler
[GIN-VUE-ADMIN]2021/06/22 - 23:51:53.942	[34minfo[0m	router register success
[GIN-VUE-ADMIN]2021/06/22 - 23:51:53.943	[34minfo[0m	Server is running on 	{"address": ":8888"}
[GIN-VUE-ADMIN]2021/06/22 - 23:53:50.952	[34minfo[0m	redis connect ping response:	{"pong": "PONG"}
[GIN-VUE-ADMIN]2021/06/22 - 23:53:50.953	[34minfo[0m	use middleware logger
[GIN-VUE-ADMIN]2021/06/22 - 23:53:50.954	[34minfo[0m	use middleware cors
[GIN-VUE-ADMIN]2021/06/22 - 23:53:50.954	[34minfo[0m	register swagger handler
[GIN-VUE-ADMIN]2021/06/22 - 23:53:50.954	[34minfo[0m	router register success
[GIN-VUE-ADMIN]2021/06/22 - 23:53:50.955	[34minfo[0m	Server is running on 	{"address": ":8888"}
[GIN-VUE-ADMIN]2021/06/22 - 23:59:49.265	[34minfo[0m	redis connect ping response:	{"pong": "PONG"}
[GIN-VUE-ADMIN]2021/06/22 - 23:59:49.267	[34minfo[0m	use middleware logger
[GIN-VUE-ADMIN]2021/06/22 - 23:59:49.267	[34minfo[0m	use middleware cors
[GIN-VUE-ADMIN]2021/06/22 - 23:59:49.267	[34minfo[0m	register swagger handler
[GIN-VUE-ADMIN]2021/06/22 - 23:59:49.267	[34minfo[0m	router register success
[GIN-VUE-ADMIN]2021/06/22 - 23:59:49.268	[34minfo[0m	Server is running on 	{"address": ":8888"}
