[GIN-VUE-ADMIN]2021/06/26 - 03:36:27.335	[34minfo[0m	redis connect ping response:	{"pong": "PONG"}
[GIN-VUE-ADMIN]2021/06/26 - 03:36:27.493	[34minfo[0m	use middleware logger
[GIN-VUE-ADMIN]2021/06/26 - 03:36:27.493	[34minfo[0m	use middleware cors
[GIN-VUE-ADMIN]2021/06/26 - 03:36:27.493	[34minfo[0m	register swagger handler
[GIN-VUE-ADMIN]2021/06/26 - 03:36:27.494	[34minfo[0m	router register success
[GIN-VUE-ADMIN]2021/06/26 - 03:36:27.495	[34minfo[0m	Server is running on 	{"address": ":8888"}
[GIN-VUE-ADMIN]2021/06/26 - 03:51:30.052	[34minfo[0m	redis connect ping response:	{"pong": "PONG"}
[GIN-VUE-ADMIN]2021/06/26 - 03:51:30.055	[34minfo[0m	use middleware logger
[GIN-VUE-ADMIN]2021/06/26 - 03:51:30.055	[34minfo[0m	use middleware cors
[GIN-VUE-ADMIN]2021/06/26 - 03:51:30.055	[34minfo[0m	register swagger handler
[GIN-VUE-ADMIN]2021/06/26 - 03:51:30.055	[34minfo[0m	router register success
[GIN-VUE-ADMIN]2021/06/26 - 03:51:30.056	[34minfo[0m	Server is running on 	{"address": ":8888"}
[GIN-VUE-ADMIN]2021/06/26 - 03:51:51.598	[34minfo[0m	redis connect ping response:	{"pong": "PONG"}
[GIN-VUE-ADMIN]2021/06/26 - 03:51:51.600	[34minfo[0m	use middleware logger
[GIN-VUE-ADMIN]2021/06/26 - 03:51:51.600	[34minfo[0m	use middleware cors
[GIN-VUE-ADMIN]2021/06/26 - 03:51:51.600	[34minfo[0m	register swagger handler
[GIN-VUE-ADMIN]2021/06/26 - 03:51:51.600	[34minfo[0m	router register success
[GIN-VUE-ADMIN]2021/06/26 - 03:51:51.601	[34minfo[0m	Server is running on 	{"address": ":8888"}
[GIN-VUE-ADMIN]2021/06/26 - 12:59:50.105	[34minfo[0m	redis connect ping response:	{"pong": "PONG"}
[GIN-VUE-ADMIN]2021/06/26 - 12:59:50.107	[34minfo[0m	use middleware logger
[GIN-VUE-ADMIN]2021/06/26 - 12:59:50.107	[34minfo[0m	use middleware cors
[GIN-VUE-ADMIN]2021/06/26 - 12:59:50.107	[34minfo[0m	register swagger handler
[GIN-VUE-ADMIN]2021/06/26 - 12:59:50.107	[34minfo[0m	router register success
[GIN-VUE-ADMIN]2021/06/26 - 12:59:50.108	[34minfo[0m	Server is running on 	{"address": ":8888"}
[GIN-VUE-ADMIN]2021/06/26 - 13:14:50.887	[34minfo[0m	redis connect ping response:	{"pong": "PONG"}
[GIN-VUE-ADMIN]2021/06/26 - 13:14:50.930	[34minfo[0m	use middleware logger
[GIN-VUE-ADMIN]2021/06/26 - 13:14:50.930	[34minfo[0m	use middleware cors
[GIN-VUE-ADMIN]2021/06/26 - 13:14:50.930	[34minfo[0m	register swagger handler
[GIN-VUE-ADMIN]2021/06/26 - 13:14:50.930	[34minfo[0m	router register success
[GIN-VUE-ADMIN]2021/06/26 - 13:14:50.932	[34minfo[0m	Server is running on 	{"address": ":8888"}
[GIN-VUE-ADMIN]2021/06/26 - 13:26:45.577	[34minfo[0m	redis connect ping response:	{"pong": "PONG"}
[GIN-VUE-ADMIN]2021/06/26 - 13:26:45.579	[34minfo[0m	use middleware logger
[GIN-VUE-ADMIN]2021/06/26 - 13:26:45.579	[34minfo[0m	use middleware cors
[GIN-VUE-ADMIN]2021/06/26 - 13:26:45.579	[34minfo[0m	register swagger handler
[GIN-VUE-ADMIN]2021/06/26 - 13:26:45.579	[34minfo[0m	router register success
[GIN-VUE-ADMIN]2021/06/26 - 13:26:45.580	[34minfo[0m	Server is running on 	{"address": ":8888"}
[GIN-VUE-ADMIN]2021/06/26 - 13:27:01.892	[34minfo[0m	redis connect ping response:	{"pong": "PONG"}
[GIN-VUE-ADMIN]2021/06/26 - 13:27:01.894	[34minfo[0m	use middleware logger
[GIN-VUE-ADMIN]2021/06/26 - 13:27:01.894	[34minfo[0m	use middleware cors
[GIN-VUE-ADMIN]2021/06/26 - 13:27:01.894	[34minfo[0m	register swagger handler
[GIN-VUE-ADMIN]2021/06/26 - 13:27:01.894	[34minfo[0m	router register success
[GIN-VUE-ADMIN]2021/06/26 - 13:27:01.895	[34minfo[0m	Server is running on 	{"address": ":8888"}
[GIN-VUE-ADMIN]2021/06/26 - 13:31:48.824	[34minfo[0m	redis connect ping response:	{"pong": "PONG"}
[GIN-VUE-ADMIN]2021/06/26 - 13:31:48.826	[34minfo[0m	use middleware logger
[GIN-VUE-ADMIN]2021/06/26 - 13:31:48.826	[34minfo[0m	use middleware cors
[GIN-VUE-ADMIN]2021/06/26 - 13:31:48.826	[34minfo[0m	register swagger handler
[GIN-VUE-ADMIN]2021/06/26 - 13:31:48.826	[34minfo[0m	router register success
[GIN-VUE-ADMIN]2021/06/26 - 13:31:48.827	[34minfo[0m	Server is running on 	{"address": ":8888"}
[GIN-VUE-ADMIN]2021/06/26 - 13:32:00.580	[34minfo[0m	redis connect ping response:	{"pong": "PONG"}
[GIN-VUE-ADMIN]2021/06/26 - 13:32:00.581	[34minfo[0m	use middleware logger
[GIN-VUE-ADMIN]2021/06/26 - 13:32:00.581	[34minfo[0m	use middleware cors
[GIN-VUE-ADMIN]2021/06/26 - 13:32:00.581	[34minfo[0m	register swagger handler
[GIN-VUE-ADMIN]2021/06/26 - 13:32:00.581	[34minfo[0m	router register success
[GIN-VUE-ADMIN]2021/06/26 - 13:32:00.583	[34minfo[0m	Server is running on 	{"address": ":8888"}
[GIN-VUE-ADMIN]2021/06/26 - 13:45:52.408	[34minfo[0m	use middleware logger
[GIN-VUE-ADMIN]2021/06/26 - 13:45:52.409	[34minfo[0m	use middleware cors
[GIN-VUE-ADMIN]2021/06/26 - 13:45:52.409	[34minfo[0m	register swagger handler
[GIN-VUE-ADMIN]2021/06/26 - 13:45:52.409	[34minfo[0m	router register success
[GIN-VUE-ADMIN]2021/06/26 - 13:45:52.410	[34minfo[0m	Server is running on 	{"address": ":8888"}
[GIN-VUE-ADMIN]2021/06/26 - 13:46:24.100	[34minfo[0m	数据库无需初始化
[GIN-VUE-ADMIN]2021/06/26 - 13:46:25.201	[34minfo[0m	数据库无需初始化
[GIN-VUE-ADMIN]2021/06/26 - 13:47:08.812	[34minfo[0m	数据库无需初始化
[GIN-VUE-ADMIN]2021/06/26 - 13:48:05.291	[34minfo[0m	数据库无需初始化
[GIN-VUE-ADMIN]2021/06/26 - 13:48:10.845	[34minfo[0m	数据库无需初始化
[GIN-VUE-ADMIN]2021/06/26 - 13:49:13.921	[34minfo[0m	数据库无需初始化
[GIN-VUE-ADMIN]2021/06/26 - 14:39:10.009	[34minfo[0m	数据库无需初始化
[GIN-VUE-ADMIN]2021/06/26 - 15:24:27.607	[34minfo[0m	use middleware logger
[GIN-VUE-ADMIN]2021/06/26 - 15:24:27.617	[34minfo[0m	use middleware cors
[GIN-VUE-ADMIN]2021/06/26 - 15:24:27.617	[34minfo[0m	register swagger handler
[GIN-VUE-ADMIN]2021/06/26 - 15:24:27.618	[34minfo[0m	router register success
[GIN-VUE-ADMIN]2021/06/26 - 15:24:27.619	[34minfo[0m	Server is running on 	{"address": ":8888"}
[GIN-VUE-ADMIN]2021/06/26 - 15:24:39.332	[34minfo[0m	数据库无需初始化
