[GIN-VUE-ADMIN]2021/06/18 - 00:09:43.771	info	D:/open-source-projects/gin-vue-admin-l/initialize/router.go:15	use middleware logger
[GIN-VUE-ADMIN]2021/06/18 - 00:09:43.772	info	D:/open-source-projects/gin-vue-admin-l/initialize/router.go:18	use middleware cors
[GIN-VUE-ADMIN]2021/06/18 - 00:09:43.772	info	D:/open-source-projects/gin-vue-admin-l/initialize/router.go:21	register swagger handler
[GIN-VUE-ADMIN]2021/06/18 - 00:09:43.774	info	D:/open-source-projects/gin-vue-admin-l/core/server.go:27	Server is running on 	{"address": ":8888"}
[GIN-VUE-ADMIN]2021/06/18 - 00:11:04.143	info	D:/open-source-projects/gin-vue-admin-l/initialize/router.go:15	use middleware logger
[GIN-VUE-ADMIN]2021/06/18 - 00:11:04.144	info	D:/open-source-projects/gin-vue-admin-l/initialize/router.go:18	use middleware cors
[GIN-VUE-ADMIN]2021/06/18 - 00:11:04.145	info	D:/open-source-projects/gin-vue-admin-l/initialize/router.go:21	register swagger handler
[GIN-VUE-ADMIN]2021/06/18 - 00:11:04.147	info	D:/open-source-projects/gin-vue-admin-l/core/server.go:27	Server is running on 	{"address": ":8888"}
[GIN-VUE-ADMIN]2021/06/18 - 00:11:38.889	info	D:/open-source-projects/gin-vue-admin-l/initialize/router.go:15	use middleware logger
[GIN-VUE-ADMIN]2021/06/18 - 00:11:38.890	info	D:/open-source-projects/gin-vue-admin-l/initialize/router.go:18	use middleware cors
[GIN-VUE-ADMIN]2021/06/18 - 00:11:38.890	info	D:/open-source-projects/gin-vue-admin-l/initialize/router.go:21	register swagger handler
[GIN-VUE-ADMIN]2021/06/18 - 00:11:38.891	info	D:/open-source-projects/gin-vue-admin-l/core/server.go:27	Server is running on 	{"address": ":8888"}
[GIN-VUE-ADMIN]2021/06/18 - 00:12:29.697	info	D:/open-source-projects/gin-vue-admin-l/initialize/router.go:15	use middleware logger
[GIN-VUE-ADMIN]2021/06/18 - 00:12:29.698	info	D:/open-source-projects/gin-vue-admin-l/initialize/router.go:18	use middleware cors
[GIN-VUE-ADMIN]2021/06/18 - 00:12:29.698	info	D:/open-source-projects/gin-vue-admin-l/initialize/router.go:21	register swagger handler
[GIN-VUE-ADMIN]2021/06/18 - 00:12:29.699	info	D:/open-source-projects/gin-vue-admin-l/core/server.go:27	Server is running on 	{"address": ":8888"}
[GIN-VUE-ADMIN]2021/06/18 - 00:16:25.377	info	D:/open-source-projects/gin-vue-admin-l/initialize/router.go:15	use middleware logger
[GIN-VUE-ADMIN]2021/06/18 - 00:16:25.379	info	D:/open-source-projects/gin-vue-admin-l/initialize/router.go:18	use middleware cors
[GIN-VUE-ADMIN]2021/06/18 - 00:16:25.379	info	D:/open-source-projects/gin-vue-admin-l/initialize/router.go:21	register swagger handler
[GIN-VUE-ADMIN]2021/06/18 - 00:16:25.380	info	D:/open-source-projects/gin-vue-admin-l/core/server.go:27	Server is running on 	{"address": ":8888"}
[GIN-VUE-ADMIN]2021/06/18 - 00:17:52.581	info	D:/open-source-projects/gin-vue-admin-l/initialize/router.go:15	use middleware logger
[GIN-VUE-ADMIN]2021/06/18 - 00:17:52.582	info	D:/open-source-projects/gin-vue-admin-l/initialize/router.go:18	use middleware cors
[GIN-VUE-ADMIN]2021/06/18 - 00:17:52.582	info	D:/open-source-projects/gin-vue-admin-l/initialize/router.go:21	register swagger handler
[GIN-VUE-ADMIN]2021/06/18 - 00:17:52.584	info	D:/open-source-projects/gin-vue-admin-l/core/server.go:27	Server is running on 	{"address": ":8888"}
[GIN-VUE-ADMIN]2021/06/18 - 00:18:15.953	info	D:/open-source-projects/gin-vue-admin-l/initialize/router.go:15	use middleware logger
[GIN-VUE-ADMIN]2021/06/18 - 00:18:15.962	info	D:/open-source-projects/gin-vue-admin-l/initialize/router.go:18	use middleware cors
[GIN-VUE-ADMIN]2021/06/18 - 00:18:15.962	info	D:/open-source-projects/gin-vue-admin-l/initialize/router.go:21	register swagger handler
[GIN-VUE-ADMIN]2021/06/18 - 00:18:15.969	info	D:/open-source-projects/gin-vue-admin-l/core/server.go:27	Server is running on 	{"address": ":8888"}
[GIN-VUE-ADMIN]2021/06/18 - 00:18:22.528	info	D:/open-source-projects/gin-vue-admin-l/initialize/router.go:15	use middleware logger
[GIN-VUE-ADMIN]2021/06/18 - 00:18:22.529	info	D:/open-source-projects/gin-vue-admin-l/initialize/router.go:18	use middleware cors
[GIN-VUE-ADMIN]2021/06/18 - 00:18:22.529	info	D:/open-source-projects/gin-vue-admin-l/initialize/router.go:21	register swagger handler
[GIN-VUE-ADMIN]2021/06/18 - 00:18:22.532	info	D:/open-source-projects/gin-vue-admin-l/core/server.go:27	Server is running on 	{"address": ":8888"}
[GIN-VUE-ADMIN]2021/06/18 - 00:20:27.526	info	D:/open-source-projects/gin-vue-admin-l/initialize/router.go:15	use middleware logger
[GIN-VUE-ADMIN]2021/06/18 - 00:20:27.529	info	D:/open-source-projects/gin-vue-admin-l/initialize/router.go:18	use middleware cors
[GIN-VUE-ADMIN]2021/06/18 - 00:20:27.529	info	D:/open-source-projects/gin-vue-admin-l/initialize/router.go:21	register swagger handler
[GIN-VUE-ADMIN]2021/06/18 - 00:20:27.530	info	D:/open-source-projects/gin-vue-admin-l/core/server.go:27	Server is running on 	{"address": ":8888"}
[GIN-VUE-ADMIN]2021/06/18 - 00:24:30.470	[34minfo[0m	use middleware logger
[GIN-VUE-ADMIN]2021/06/18 - 00:24:30.472	[34minfo[0m	use middleware cors
[GIN-VUE-ADMIN]2021/06/18 - 00:24:30.472	[34minfo[0m	register swagger handler
[GIN-VUE-ADMIN]2021/06/18 - 00:24:30.473	[34minfo[0m	Server is running on 	{"address": ":8888"}
[GIN-VUE-ADMIN]2021/06/18 - 00:53:23.334	[34minfo[0m	use middleware logger
[GIN-VUE-ADMIN]2021/06/18 - 00:53:23.368	[34minfo[0m	use middleware cors
[GIN-VUE-ADMIN]2021/06/18 - 00:53:23.368	[34minfo[0m	register swagger handler
[GIN-VUE-ADMIN]2021/06/18 - 00:53:23.370	[34minfo[0m	Server is running on 	{"address": ":8888"}
[GIN-VUE-ADMIN]2021/06/18 - 00:57:43.723	[34minfo[0m	å‰å¾€åˆå§‹åŒ–æ•°æ®åº“
[GIN-VUE-ADMIN]2021/06/18 - 00:57:44.913	[34minfo[0m	å‰å¾€åˆå§‹åŒ–æ•°æ®åº“
[GIN-VUE-ADMIN]2021/06/18 - 00:57:50.963	[34minfo[0m	å‰å¾€åˆå§‹åŒ–æ•°æ®åº“
[GIN-VUE-ADMIN]2021/06/18 - 00:57:51.477	[34minfo[0m	å‰å¾€åˆå§‹åŒ–æ•°æ®åº“
[GIN-VUE-ADMIN]2021/06/18 - 01:01:02.222	[34minfo[0m	use middleware logger
[GIN-VUE-ADMIN]2021/06/18 - 01:01:02.223	[34minfo[0m	use middleware cors
[GIN-VUE-ADMIN]2021/06/18 - 01:01:02.223	[34minfo[0m	register swagger handler
[GIN-VUE-ADMIN]2021/06/18 - 01:01:02.224	[34minfo[0m	Server is running on 	{"address": ":8888"}
[GIN-VUE-ADMIN]2021/06/18 - 01:01:16.747	[31merror[0m	å‚æ•°æ ¡éªŒä¸é€šè¿‡!	{"err": "Key: 'InitDB.UserName' Error:Field validation for 'UserName' failed on the 'required' tag\nKey: 'InitDB.DBName' Error:Field validation for 'DBName' failed on the 'required' tag"}
[GIN-VUE-ADMIN]2021/06/18 - 01:01:18.337	[31merror[0m	å‚æ•°æ ¡éªŒä¸é€šè¿‡!	{"err": "Key: 'InitDB.UserName' Error:Field validation for 'UserName' failed on the 'required' tag\nKey: 'InitDB.DBName' Error:Field validation for 'DBName' failed on the 'required' tag"}
[GIN-VUE-ADMIN]2021/06/18 - 01:03:23.909	[31merror[0m	æ•°æ®åº“å·²åˆå§‹åŒ–ï¼Œéæ³•è®¿é—®
[GIN-VUE-ADMIN]2021/06/18 - 01:03:35.480	[34minfo[0m	æ•°æ®åº“æ— éœ€åˆå§‹åŒ–
[GIN-VUE-ADMIN]2021/06/18 - 01:03:36.506	[34minfo[0m	æ•°æ®åº“æ— éœ€åˆå§‹åŒ–
[GIN-VUE-ADMIN]2021/06/18 - 01:03:37.156	[34minfo[0m	æ•°æ®åº“æ— éœ€åˆå§‹åŒ–
[GIN-VUE-ADMIN]2021/06/18 - 01:03:41.108	[31merror[0m	æ•°æ®åº“å·²åˆå§‹åŒ–ï¼Œéæ³•è®¿é—®
[GIN-VUE-ADMIN]2021/06/18 - 01:03:41.903	[31merror[0m	æ•°æ®åº“å·²åˆå§‹åŒ–ï¼Œéæ³•è®¿é—®
[GIN-VUE-ADMIN]2021/06/18 - 01:04:30.113	[34minfo[0m	æ•°æ®åº“æ— éœ€åˆå§‹åŒ–
[GIN-VUE-ADMIN]2021/06/18 - 01:04:31.586	[34minfo[0m	æ•°æ®åº“æ— éœ€åˆå§‹åŒ–
[GIN-VUE-ADMIN]2021/06/18 - 01:04:32.262	[34minfo[0m	æ•°æ®åº“æ— éœ€åˆå§‹åŒ–
[GIN-VUE-ADMIN]2021/06/18 - 01:04:44.489	[34minfo[0m	use middleware logger
[GIN-VUE-ADMIN]2021/06/18 - 01:04:44.545	[34minfo[0m	use middleware cors
[GIN-VUE-ADMIN]2021/06/18 - 01:04:44.545	[34minfo[0m	register swagger handler
[GIN-VUE-ADMIN]2021/06/18 - 01:04:44.546	[34minfo[0m	Server is running on 	{"address": ":8888"}
[GIN-VUE-ADMIN]2021/06/18 - 01:04:47.488	[34minfo[0m	å‰å¾€åˆå§‹åŒ–æ•°æ®åº“
[GIN-VUE-ADMIN]2021/06/18 - 01:04:48.233	[34minfo[0m	å‰å¾€åˆå§‹åŒ–æ•°æ®åº“
[GIN-VUE-ADMIN]2021/06/18 - 01:04:48.688	[34minfo[0m	å‰å¾€åˆå§‹åŒ–æ•°æ®åº“
[GIN-VUE-ADMIN]2021/06/18 - 01:04:58.867	[31merror[0m	æ•°æ®åº“å·²åˆå§‹åŒ–ï¼Œéæ³•è®¿é—®
[GIN-VUE-ADMIN]2021/06/18 - 01:05:00.874	[31merror[0m	æ•°æ®åº“å·²åˆå§‹åŒ–ï¼Œéæ³•è®¿é—®
