[GIN-VUE-ADMIN]2021/06/19 - 04:35:28.332	[34minfo[0m	use middleware logger
[GIN-VUE-ADMIN]2021/06/19 - 04:35:28.333	[34minfo[0m	use middleware cors
[GIN-VUE-ADMIN]2021/06/19 - 04:35:28.333	[34minfo[0m	register swagger handler
[GIN-VUE-ADMIN]2021/06/19 - 04:35:28.334	[34minfo[0m	Server is running on 	{"address": ":8888"}
[GIN-VUE-ADMIN]2021/06/19 - 04:38:59.305	[34minfo[0m	use middleware logger
[GIN-VUE-ADMIN]2021/06/19 - 04:38:59.306	[34minfo[0m	use middleware cors
[GIN-VUE-ADMIN]2021/06/19 - 04:38:59.307	[34minfo[0m	register swagger handler
[GIN-VUE-ADMIN]2021/06/19 - 04:38:59.308	[34minfo[0m	Server is running on 	{"address": ":8888"}
[GIN-VUE-ADMIN]2021/06/19 - 04:39:07.424	[34minfo[0m	å‰å¾€åˆå§‹åŒ–æ•°æ®åº“
[GIN-VUE-ADMIN]2021/06/19 - 04:39:09.882	[34minfo[0m	å‰å¾€åˆå§‹åŒ–æ•°æ®åº“
[GIN-VUE-ADMIN]2021/06/19 - 15:57:34.825	[34minfo[0m	use middleware logger
[GIN-VUE-ADMIN]2021/06/19 - 15:57:34.852	[34minfo[0m	use middleware cors
[GIN-VUE-ADMIN]2021/06/19 - 15:57:34.852	[34minfo[0m	register swagger handler
[GIN-VUE-ADMIN]2021/06/19 - 15:57:34.853	[34minfo[0m	Server is running on 	{"address": ":8888"}
[GIN-VUE-ADMIN]2021/06/19 - 15:59:35.376	[34minfo[0m	use middleware logger
[GIN-VUE-ADMIN]2021/06/19 - 15:59:35.377	[34minfo[0m	use middleware cors
[GIN-VUE-ADMIN]2021/06/19 - 15:59:35.377	[34minfo[0m	register swagger handler
[GIN-VUE-ADMIN]2021/06/19 - 15:59:35.378	[34minfo[0m	Server is running on 	{"address": ":8888"}
[GIN-VUE-ADMIN]2021/06/19 - 15:59:48.795	[34minfo[0m	use middleware logger
[GIN-VUE-ADMIN]2021/06/19 - 15:59:48.797	[34minfo[0m	use middleware cors
[GIN-VUE-ADMIN]2021/06/19 - 15:59:48.797	[34minfo[0m	register swagger handler
[GIN-VUE-ADMIN]2021/06/19 - 15:59:48.799	[34minfo[0m	Server is running on 	{"address": ":8888"}
[GIN-VUE-ADMIN]2021/06/19 - 15:59:59.544	[34minfo[0m	å‰å¾€åˆå§‹åŒ–æ•°æ®åº“
[GIN-VUE-ADMIN]2021/06/19 - 16:58:29.194	[34minfo[0m	use middleware logger
[GIN-VUE-ADMIN]2021/06/19 - 16:58:29.196	[34minfo[0m	use middleware cors
[GIN-VUE-ADMIN]2021/06/19 - 16:58:29.197	[34minfo[0m	register swagger handler
[GIN-VUE-ADMIN]2021/06/19 - 16:58:29.198	[34minfo[0m	Server is running on 	{"address": ":8888"}
[GIN-VUE-ADMIN]2021/06/19 - 17:00:10.468	[31merror[0m	æ•°æ®åº“å·²åˆå§‹åŒ–ï¼Œéæ³•è®¿é—®
[GIN-VUE-ADMIN]2021/06/19 - 17:03:39.275	[34minfo[0m	use middleware logger
[GIN-VUE-ADMIN]2021/06/19 - 17:03:39.276	[34minfo[0m	use middleware cors
[GIN-VUE-ADMIN]2021/06/19 - 17:03:39.276	[34minfo[0m	register swagger handler
[GIN-VUE-ADMIN]2021/06/19 - 17:03:39.276	[34minfo[0m	Server is running on 	{"address": ":8888"}
[GIN-VUE-ADMIN]2021/06/19 - 17:05:41.949	[34minfo[0m	use middleware logger
[GIN-VUE-ADMIN]2021/06/19 - 17:05:41.993	[34minfo[0m	use middleware cors
[GIN-VUE-ADMIN]2021/06/19 - 17:05:41.993	[34minfo[0m	register swagger handler
[GIN-VUE-ADMIN]2021/06/19 - 17:05:41.994	[34minfo[0m	Server is running on 	{"address": ":8888"}
[GIN-VUE-ADMIN]2021/06/19 - 18:29:29.935	[34minfo[0m	use middleware logger
[GIN-VUE-ADMIN]2021/06/19 - 18:29:29.939	[34minfo[0m	use middleware cors
[GIN-VUE-ADMIN]2021/06/19 - 18:29:29.941	[34minfo[0m	register swagger handler
[GIN-VUE-ADMIN]2021/06/19 - 18:29:29.943	[34minfo[0m	Server is running on 	{"address": ":8888"}
[GIN-VUE-ADMIN]2021/06/19 - 18:30:11.726	[34minfo[0m	use middleware logger
[GIN-VUE-ADMIN]2021/06/19 - 18:30:11.728	[34minfo[0m	use middleware cors
[GIN-VUE-ADMIN]2021/06/19 - 18:30:11.728	[34minfo[0m	register swagger handler
[GIN-VUE-ADMIN]2021/06/19 - 18:30:11.730	[34minfo[0m	Server is running on 	{"address": ":8888"}
[GIN-VUE-ADMIN]2021/06/19 - 20:22:34.896	[34minfo[0m	use middleware logger
[GIN-VUE-ADMIN]2021/06/19 - 20:22:34.898	[34minfo[0m	use middleware cors
[GIN-VUE-ADMIN]2021/06/19 - 20:22:34.898	[34minfo[0m	register swagger handler
[GIN-VUE-ADMIN]2021/06/19 - 20:22:34.900	[34minfo[0m	Server is running on 	{"address": ":8888"}
[GIN-VUE-ADMIN]2021/06/19 - 20:22:39.776	[31merror[0m	æ•°æ®åº“å·²åˆå§‹åŒ–ï¼Œéæ³•è®¿é—®
[GIN-VUE-ADMIN]2021/06/19 - 20:25:01.598	[31merror[0m	ç™»é™†å¤±è´¥! ç”¨æˆ·åä¸å­˜åœ¨æˆ–è€…å¯†ç é”™è¯¯!	{"err": "record not found"}
[GIN-VUE-ADMIN]2021/06/19 - 20:26:38.197	[34minfo[0m	use middleware logger
[GIN-VUE-ADMIN]2021/06/19 - 20:26:38.198	[34minfo[0m	use middleware cors
[GIN-VUE-ADMIN]2021/06/19 - 20:26:38.198	[34minfo[0m	register swagger handler
[GIN-VUE-ADMIN]2021/06/19 - 20:26:38.199	[34minfo[0m	Server is running on 	{"address": ":8888"}
[GIN-VUE-ADMIN]2021/06/19 - 20:29:12.008	[31merror[0m	ç™»é™†å¤±è´¥! ç”¨æˆ·åä¸å­˜åœ¨æˆ–è€…å¯†ç é”™è¯¯!	{"err": "record not found"}
[GIN-VUE-ADMIN]2021/06/19 - 20:29:30.743	[34minfo[0m	use middleware logger
[GIN-VUE-ADMIN]2021/06/19 - 20:29:30.745	[34minfo[0m	use middleware cors
[GIN-VUE-ADMIN]2021/06/19 - 20:29:30.745	[34minfo[0m	register swagger handler
[GIN-VUE-ADMIN]2021/06/19 - 20:29:30.746	[34minfo[0m	Server is running on 	{"address": ":8888"}
[GIN-VUE-ADMIN]2021/06/19 - 20:30:50.429	[34minfo[0m	use middleware logger
[GIN-VUE-ADMIN]2021/06/19 - 20:30:50.430	[34minfo[0m	use middleware cors
[GIN-VUE-ADMIN]2021/06/19 - 20:30:50.430	[34minfo[0m	register swagger handler
[GIN-VUE-ADMIN]2021/06/19 - 20:30:50.431	[34minfo[0m	Server is running on 	{"address": ":8888"}
[GIN-VUE-ADMIN]2021/06/19 - 20:31:21.602	[34minfo[0m	use middleware logger
[GIN-VUE-ADMIN]2021/06/19 - 20:31:21.604	[34minfo[0m	use middleware cors
[GIN-VUE-ADMIN]2021/06/19 - 20:31:21.604	[34minfo[0m	register swagger handler
[GIN-VUE-ADMIN]2021/06/19 - 20:31:21.606	[34minfo[0m	Server is running on 	{"address": ":8888"}
