[GIN-VUE-ADMIN]2021/07/04 - 16:45:20.399	[34minfo[0m	数据库无需初始化
[GIN-VUE-ADMIN]2021/07/04 - 16:54:09.479	[34minfo[0m	use middleware logger
[GIN-VUE-ADMIN]2021/07/04 - 16:54:09.563	[34minfo[0m	use middleware cors
[GIN-VUE-ADMIN]2021/07/04 - 16:54:09.563	[34minfo[0m	register swagger handler
[GIN-VUE-ADMIN]2021/07/04 - 16:54:09.563	[34minfo[0m	router register success
[GIN-VUE-ADMIN]2021/07/04 - 16:54:09.564	[34minfo[0m	Server is running on 	{"address": ":8888"}
[GIN-VUE-ADMIN]2021/07/04 - 17:11:00.065	[34minfo[0m	use middleware logger
[GIN-VUE-ADMIN]2021/07/04 - 17:11:00.067	[34minfo[0m	use middleware cors
[GIN-VUE-ADMIN]2021/07/04 - 17:11:00.067	[34minfo[0m	register swagger handler
[GIN-VUE-ADMIN]2021/07/04 - 17:11:00.068	[34minfo[0m	router register success
[GIN-VUE-ADMIN]2021/07/04 - 17:11:00.070	[34minfo[0m	Server is running on 	{"address": ":8888"}
[GIN-VUE-ADMIN]2021/07/04 - 17:11:14.442	[31merror[0m	修改失败!	{"err": "unsupported data"}
[GIN-VUE-ADMIN]2021/07/04 - 17:12:05.836	[34minfo[0m	use middleware logger
[GIN-VUE-ADMIN]2021/07/04 - 17:12:05.837	[34minfo[0m	use middleware cors
[GIN-VUE-ADMIN]2021/07/04 - 17:12:05.837	[34minfo[0m	register swagger handler
[GIN-VUE-ADMIN]2021/07/04 - 17:12:05.838	[34minfo[0m	router register success
[GIN-VUE-ADMIN]2021/07/04 - 17:12:05.839	[34minfo[0m	Server is running on 	{"address": ":8888"}
[GIN-VUE-ADMIN]2021/07/04 - 17:12:10.068	[31merror[0m	修改失败!	{"err": "Error 1054: Unknown column 'updated_at' in 'field list'"}
[GIN-VUE-ADMIN]2021/07/04 - 17:13:48.827	[34minfo[0m	use middleware logger
[GIN-VUE-ADMIN]2021/07/04 - 17:13:48.828	[34minfo[0m	use middleware cors
[GIN-VUE-ADMIN]2021/07/04 - 17:13:48.828	[34minfo[0m	register swagger handler
[GIN-VUE-ADMIN]2021/07/04 - 17:13:48.829	[34minfo[0m	router register success
[GIN-VUE-ADMIN]2021/07/04 - 17:13:48.830	[34minfo[0m	Server is running on 	{"address": ":8888"}
[GIN-VUE-ADMIN]2021/07/04 - 17:13:54.165	[31merror[0m	修改失败!	{"err": "unsupported data"}
[GIN-VUE-ADMIN]2021/07/04 - 23:37:14.385	[34minfo[0m	use middleware logger
[GIN-VUE-ADMIN]2021/07/04 - 23:37:14.405	[34minfo[0m	use middleware cors
[GIN-VUE-ADMIN]2021/07/04 - 23:37:14.405	[34minfo[0m	register swagger handler
[GIN-VUE-ADMIN]2021/07/04 - 23:37:14.405	[34minfo[0m	router register success
[GIN-VUE-ADMIN]2021/07/04 - 23:37:14.406	[34minfo[0m	Server is running on 	{"address": ":8888"}
[GIN-VUE-ADMIN]2021/07/04 - 23:37:57.538	[31merror[0m	修改失败!	{"err": "unsupported data"}
[GIN-VUE-ADMIN]2021/07/04 - 23:38:49.817	[34minfo[0m	use middleware logger
[GIN-VUE-ADMIN]2021/07/04 - 23:38:49.819	[34minfo[0m	use middleware cors
[GIN-VUE-ADMIN]2021/07/04 - 23:38:49.819	[34minfo[0m	register swagger handler
[GIN-VUE-ADMIN]2021/07/04 - 23:38:49.820	[34minfo[0m	router register success
[GIN-VUE-ADMIN]2021/07/04 - 23:38:49.821	[34minfo[0m	Server is running on 	{"address": ":8888"}
[GIN-VUE-ADMIN]2021/07/04 - 23:49:37.844	[34minfo[0m	use middleware logger
[GIN-VUE-ADMIN]2021/07/04 - 23:49:37.852	[34minfo[0m	use middleware cors
[GIN-VUE-ADMIN]2021/07/04 - 23:49:37.852	[34minfo[0m	register swagger handler
[GIN-VUE-ADMIN]2021/07/04 - 23:49:37.853	[34minfo[0m	router register success
[GIN-VUE-ADMIN]2021/07/04 - 23:49:37.854	[34minfo[0m	Server is running on 	{"address": ":8888"}
