[GIN-VUE-ADMIN]2021/07/06 - 21:47:10.260	[34minfo[0m	æ•°æ®åº“æ— éœ€åˆå§‹åŒ–
[GIN-VUE-ADMIN]2021/07/06 - 22:10:34.408	[34minfo[0m	use middleware logger
[GIN-VUE-ADMIN]2021/07/06 - 22:10:34.439	[34minfo[0m	use middleware cors
[GIN-VUE-ADMIN]2021/07/06 - 22:10:34.439	[34minfo[0m	register swagger handler
[GIN-VUE-ADMIN]2021/07/06 - 22:10:34.439	[34minfo[0m	router register success
[GIN-VUE-ADMIN]2021/07/06 - 22:10:34.439	[34minfo[0m	Server is running on 	{"address": ":8888"}
[GIN-VUE-ADMIN]2021/07/06 - 22:12:48.256	[34minfo[0m	æ•°æ®åº“æ— éœ€åˆå§‹åŒ–
[GIN-VUE-ADMIN]2021/07/06 - 22:12:57.021	[34minfo[0m	æ•°æ®åº“æ— éœ€åˆå§‹åŒ–
[GIN-VUE-ADMIN]2021/07/06 - 22:13:15.797	[34minfo[0m	æ•°æ®åº“æ— éœ€åˆå§‹åŒ–
[GIN-VUE-ADMIN]2021/07/06 - 22:41:43.724	[34minfo[0m	use middleware logger
[GIN-VUE-ADMIN]2021/07/06 - 22:41:43.725	[34minfo[0m	use middleware cors
[GIN-VUE-ADMIN]2021/07/06 - 22:41:43.725	[34minfo[0m	register swagger handler
[GIN-VUE-ADMIN]2021/07/06 - 22:41:43.726	[34minfo[0m	router register success
[GIN-VUE-ADMIN]2021/07/06 - 22:41:43.727	[34minfo[0m	Server is running on 	{"address": ":8888"}
[GIN-VUE-ADMIN]2021/07/06 - 22:52:16.771	[34minfo[0m	use middleware logger
[GIN-VUE-ADMIN]2021/07/06 - 22:52:16.781	[34minfo[0m	use middleware cors
[GIN-VUE-ADMIN]2021/07/06 - 22:52:16.781	[34minfo[0m	register swagger handler
[GIN-VUE-ADMIN]2021/07/06 - 22:52:16.781	[34minfo[0m	router register success
[GIN-VUE-ADMIN]2021/07/06 - 22:52:16.782	[34minfo[0m	Server is running on 	{"address": ":8888"}
[GIN-VUE-ADMIN]2021/07/06 - 23:09:37.842	[34minfo[0m	use middleware logger
[GIN-VUE-ADMIN]2021/07/06 - 23:09:37.843	[34minfo[0m	use middleware cors
[GIN-VUE-ADMIN]2021/07/06 - 23:09:37.843	[34minfo[0m	register swagger handler
[GIN-VUE-ADMIN]2021/07/06 - 23:09:37.846	[34minfo[0m	router register success
[GIN-VUE-ADMIN]2021/07/06 - 23:09:37.846	[34minfo[0m	Server is running on 	{"address": ":8888"}
[GIN-VUE-ADMIN]2021/07/06 - 23:13:30.601	[34minfo[0m	use middleware logger
[GIN-VUE-ADMIN]2021/07/06 - 23:13:30.616	[34minfo[0m	use middleware cors
[GIN-VUE-ADMIN]2021/07/06 - 23:13:30.616	[34minfo[0m	register swagger handler
[GIN-VUE-ADMIN]2021/07/06 - 23:13:30.616	[34minfo[0m	router register success
[GIN-VUE-ADMIN]2021/07/06 - 23:13:30.617	[34minfo[0m	Server is running on 	{"address": ":8888"}
[GIN-VUE-ADMIN]2021/07/06 - 23:17:55.234	[34minfo[0m	æ•°æ®åº“æ— éœ€åˆå§‹åŒ–
[GIN-VUE-ADMIN]2021/07/06 - 23:33:17.764	[34minfo[0m	use middleware logger
[GIN-VUE-ADMIN]2021/07/06 - 23:33:17.765	[34minfo[0m	use middleware cors
[GIN-VUE-ADMIN]2021/07/06 - 23:33:17.765	[34minfo[0m	register swagger handler
[GIN-VUE-ADMIN]2021/07/06 - 23:33:17.765	[34minfo[0m	router register success
[GIN-VUE-ADMIN]2021/07/06 - 23:33:17.766	[34minfo[0m	Server is running on 	{"address": ":8888"}
[GIN-VUE-ADMIN]2021/07/06 - 23:33:24.417	[34minfo[0m	å‰å¾€åˆå§‹åŒ–æ•°æ®åº“
