[GIN-VUE-ADMIN]2021/06/28 - 00:02:06.580	[34minfo[0m	use middleware logger
[GIN-VUE-ADMIN]2021/06/28 - 00:02:06.593	[34minfo[0m	use middleware cors
[GIN-VUE-ADMIN]2021/06/28 - 00:02:06.594	[34minfo[0m	register swagger handler
[GIN-VUE-ADMIN]2021/06/28 - 00:02:06.594	[34minfo[0m	router register success
[GIN-VUE-ADMIN]2021/06/28 - 00:02:06.597	[34minfo[0m	Server is running on 	{"address": ":8888"}
[GIN-VUE-ADMIN]2021/06/28 - 00:05:45.493	[34minfo[0m	æ•°æ®åº“æ— éœ€åˆå§‹åŒ–
[GIN-VUE-ADMIN]2021/06/28 - 00:05:52.224	[34minfo[0m	æ•°æ®åº“æ— éœ€åˆå§‹åŒ–
[GIN-VUE-ADMIN]2021/06/28 - 00:06:14.618	[34minfo[0m	æ•°æ®åº“æ— éœ€åˆå§‹åŒ–
[GIN-VUE-ADMIN]2021/06/28 - 00:06:45.533	[34minfo[0m	use middleware logger
[GIN-VUE-ADMIN]2021/06/28 - 00:06:45.549	[34minfo[0m	use middleware cors
[GIN-VUE-ADMIN]2021/06/28 - 00:06:45.549	[34minfo[0m	register swagger handler
[GIN-VUE-ADMIN]2021/06/28 - 00:06:45.549	[34minfo[0m	router register success
[GIN-VUE-ADMIN]2021/06/28 - 00:06:45.550	[34minfo[0m	Server is running on 	{"address": ":8888"}
[GIN-VUE-ADMIN]2021/06/28 - 00:10:21.632	[34minfo[0m	æ•°æ®åº“æ— éœ€åˆå§‹åŒ–
[GIN-VUE-ADMIN]2021/06/28 - 00:11:15.038	[34minfo[0m	æ•°æ®åº“æ— éœ€åˆå§‹åŒ–
[GIN-VUE-ADMIN]2021/06/28 - 21:31:34.362	[34minfo[0m	use middleware logger
[GIN-VUE-ADMIN]2021/06/28 - 21:31:34.378	[34minfo[0m	use middleware cors
[GIN-VUE-ADMIN]2021/06/28 - 21:31:34.378	[34minfo[0m	register swagger handler
[GIN-VUE-ADMIN]2021/06/28 - 21:31:34.378	[34minfo[0m	router register success
[GIN-VUE-ADMIN]2021/06/28 - 21:31:34.379	[34minfo[0m	Server is running on 	{"address": ":8888"}
[GIN-VUE-ADMIN]2021/06/28 - 21:32:24.223	[34minfo[0m	æ•°æ®åº“æ— éœ€åˆå§‹åŒ–
[GIN-VUE-ADMIN]2021/06/28 - 21:48:04.105	[34minfo[0m	æ•°æ®åº“æ— éœ€åˆå§‹åŒ–
[GIN-VUE-ADMIN]2021/06/28 - 21:48:48.438	[34minfo[0m	use middleware logger
[GIN-VUE-ADMIN]2021/06/28 - 21:48:48.441	[34minfo[0m	use middleware cors
[GIN-VUE-ADMIN]2021/06/28 - 21:48:48.441	[34minfo[0m	register swagger handler
[GIN-VUE-ADMIN]2021/06/28 - 21:48:48.441	[34minfo[0m	router register success
[GIN-VUE-ADMIN]2021/06/28 - 21:48:48.442	[34minfo[0m	Server is running on 	{"address": ":8888"}
[GIN-VUE-ADMIN]2021/06/28 - 21:51:07.699	[34minfo[0m	æ•°æ®åº“æ— éœ€åˆå§‹åŒ–
[GIN-VUE-ADMIN]2021/06/28 - 22:29:23.091	[34minfo[0m	use middleware logger
[GIN-VUE-ADMIN]2021/06/28 - 22:29:23.093	[34minfo[0m	use middleware cors
[GIN-VUE-ADMIN]2021/06/28 - 22:29:23.093	[34minfo[0m	register swagger handler
[GIN-VUE-ADMIN]2021/06/28 - 22:29:23.093	[34minfo[0m	router register success
[GIN-VUE-ADMIN]2021/06/28 - 22:29:23.094	[34minfo[0m	Server is running on 	{"address": ":8888"}
[GIN-VUE-ADMIN]2021/06/28 - 22:29:33.329	[34minfo[0m	æ•°æ®åº“æ— éœ€åˆå§‹åŒ–
[GIN-VUE-ADMIN]2021/06/28 - 22:29:42.976	[34minfo[0m	æ•°æ®åº“æ— éœ€åˆå§‹åŒ–
[GIN-VUE-ADMIN]2021/06/28 - 22:30:24.064	[34minfo[0m	æ•°æ®åº“æ— éœ€åˆå§‹åŒ–
[GIN-VUE-ADMIN]2021/06/28 - 23:16:48.730	[34minfo[0m	use middleware logger
[GIN-VUE-ADMIN]2021/06/28 - 23:16:48.732	[34minfo[0m	use middleware cors
[GIN-VUE-ADMIN]2021/06/28 - 23:16:48.732	[34minfo[0m	register swagger handler
[GIN-VUE-ADMIN]2021/06/28 - 23:16:48.732	[34minfo[0m	router register success
[GIN-VUE-ADMIN]2021/06/28 - 23:16:48.733	[34minfo[0m	Server is running on 	{"address": ":8888"}
[GIN-VUE-ADMIN]2021/06/28 - 23:17:02.287	[34minfo[0m	å‰å¾€åˆå§‹åŒ–æ•°æ®åº“
[GIN-VUE-ADMIN]2021/06/28 - 23:17:15.334	[31merror[0m	è‡ªåŠ¨åˆ›å»ºæ•°æ®åº“å¤±è´¥!	{"err": "Error 1045: Access denied for user 'root'@'localhost' (using password: YES)"}
[GIN-VUE-ADMIN]2021/06/28 - 23:17:34.559	[34minfo[0m	å‰å¾€åˆå§‹åŒ–æ•°æ®åº“
[GIN-VUE-ADMIN]2021/06/28 - 23:28:18.526	[34minfo[0m	use middleware logger
[GIN-VUE-ADMIN]2021/06/28 - 23:28:18.527	[34minfo[0m	use middleware cors
[GIN-VUE-ADMIN]2021/06/28 - 23:28:18.527	[34minfo[0m	register swagger handler
[GIN-VUE-ADMIN]2021/06/28 - 23:28:18.528	[34minfo[0m	router register success
[GIN-VUE-ADMIN]2021/06/28 - 23:28:18.529	[34minfo[0m	Server is running on 	{"address": ":8888"}
[GIN-VUE-ADMIN]2021/06/28 - 23:28:23.703	[34minfo[0m	æ•°æ®åº“æ— éœ€åˆå§‹åŒ–
[GIN-VUE-ADMIN]2021/06/28 - 23:28:48.557	[34minfo[0m	æ•°æ®åº“æ— éœ€åˆå§‹åŒ–
